INFO [2021-07-12 15:17:05] $x
INFO [2021-07-12 15:17:05] venn_data
INFO [2021-07-12 15:17:05] 
INFO [2021-07-12 15:17:05] $category.names
INFO [2021-07-12 15:17:05] c("Booba (1995)", "Nekfeu (663)", "Brassens (471)")
INFO [2021-07-12 15:17:05] 
INFO [2021-07-12 15:17:05] $filename
INFO [2021-07-12 15:17:05] [1] "casper"
INFO [2021-07-12 15:17:05] 
INFO [2021-07-12 15:17:05] $output
INFO [2021-07-12 15:17:05] [1] TRUE
INFO [2021-07-12 15:17:05] 
INFO [2021-07-12 15:17:05] $imagetype
INFO [2021-07-12 15:17:05] [1] "png"
INFO [2021-07-12 15:17:05] 
INFO [2021-07-12 15:17:05] $height
INFO [2021-07-12 15:17:05] [1] 480
INFO [2021-07-12 15:17:05] 
INFO [2021-07-12 15:17:05] $width
INFO [2021-07-12 15:17:05] [1] 480
INFO [2021-07-12 15:17:05] 
INFO [2021-07-12 15:17:05] $resolution
INFO [2021-07-12 15:17:05] [1] 300
INFO [2021-07-12 15:17:05] 
INFO [2021-07-12 15:17:05] $compression
INFO [2021-07-12 15:17:05] [1] "lzw"
INFO [2021-07-12 15:17:05] 
INFO [2021-07-12 15:17:05] $lwd
INFO [2021-07-12 15:17:05] [1] 1
INFO [2021-07-12 15:17:05] 
INFO [2021-07-12 15:17:05] $col
INFO [2021-07-12 15:17:05] c("#440154ff", "#21908dff", "#fde725ff")
INFO [2021-07-12 15:17:05] 
INFO [2021-07-12 15:17:05] $fill
INFO [2021-07-12 15:17:05] c(alpha("#440154ff", 0.3), alpha("#21908dff", 0.3), alpha("#fde725ff", 
INFO [2021-07-12 15:17:05]     0.3))
INFO [2021-07-12 15:17:05] 
INFO [2021-07-12 15:17:05] $cex
INFO [2021-07-12 15:17:05] [1] 0.5
INFO [2021-07-12 15:17:05] 
INFO [2021-07-12 15:17:05] $fontfamily
INFO [2021-07-12 15:17:05] [1] "sans"
INFO [2021-07-12 15:17:05] 
INFO [2021-07-12 15:17:05] $cat.cex
INFO [2021-07-12 15:17:05] [1] 0.3
INFO [2021-07-12 15:17:05] 
INFO [2021-07-12 15:17:05] $cat.default.pos
INFO [2021-07-12 15:17:05] [1] "outer"
INFO [2021-07-12 15:17:05] 
INFO [2021-07-12 15:17:05] $cat.pos
INFO [2021-07-12 15:17:05] c(-27, 27, 135)
INFO [2021-07-12 15:17:05] 
INFO [2021-07-12 15:17:05] $cat.dist
INFO [2021-07-12 15:17:05] c(0.055, 0.055, 0.085)
INFO [2021-07-12 15:17:05] 
INFO [2021-07-12 15:17:05] $cat.fontfamily
INFO [2021-07-12 15:17:05] [1] "sans"
INFO [2021-07-12 15:17:05] 
INFO [2021-07-12 15:17:05] $cat.col
INFO [2021-07-12 15:17:05] c("#440154ff", "#21908dff", "#fde725ff")
INFO [2021-07-12 15:17:05] 
INFO [2021-07-12 15:17:05] $rotation
INFO [2021-07-12 15:17:05] [1] 1
INFO [2021-07-12 15:17:05] 
